<?xml version="1.0" encoding="UTF-8"?>
<testng-results skipped="0" failed="0" ignored="0" total="1" passed="1">
  <reporter-output>
  </reporter-output>
  <suite name="Regression Suite" duration-ms="7091" started-at="2021-11-24T22:19:35 IST" finished-at="2021-11-24T22:19:42 IST">
    <groups>
    </groups>
    <test name="Functional Test" duration-ms="7091" started-at="2021-11-24T22:19:35 IST" finished-at="2021-11-24T22:19:42 IST">
      <class name="com.demowebshop.testscripts.HomeTest">
        <test-method status="PASS" signature="errorLogging()[pri:0, instance:com.demowebshop.testscripts.HomeTest@57855c9a]" name="errorLogging" is-config="true" duration-ms="169" started-at="2021-11-24T22:19:35 IST" finished-at="2021-11-24T22:19:35 IST">
          <reporter-output>
          </reporter-output>
        </test-method> <!-- errorLogging -->
        <test-method status="PASS" signature="setup(java.lang.String)[pri:0, instance:com.demowebshop.testscripts.HomeTest@57855c9a]" name="setup" is-config="true" duration-ms="6186" started-at="2021-11-24T22:19:35 IST" finished-at="2021-11-24T22:19:41 IST">
          <params>
            <param index="0">
              <value>
                <![CDATA[chrome]]>
              </value>
            </param>
          </params>
          <reporter-output>
          </reporter-output>
        </test-method> <!-- setup -->
        <test-method status="PASS" signature="verifyHomePageTitle()[pri:1, instance:com.demowebshop.testscripts.HomeTest@57855c9a]" name="verifyHomePageTitle" duration-ms="329" started-at="2021-11-24T22:19:41 IST" description="verification of home page Title" finished-at="2021-11-24T22:19:41 IST">
          <reporter-output>
          </reporter-output>
        </test-method> <!-- verifyHomePageTitle -->
        <test-method status="PASS" signature="tearDown(org.testng.ITestResult)[pri:0, instance:com.demowebshop.testscripts.HomeTest@57855c9a]" name="tearDown" is-config="true" duration-ms="73" started-at="2021-11-24T22:19:41 IST" finished-at="2021-11-24T22:19:42 IST">
          <params>
            <param index="0">
              <value>
                <![CDATA[[TestResult name=verifyHomePageTitle status=SUCCESS method=HomeTest.verifyHomePageTitle()[pri:1, instance:com.demowebshop.testscripts.HomeTest@57855c9a] output={null}]]]>
              </value>
            </param>
          </params>
          <reporter-output>
          </reporter-output>
        </test-method> <!-- tearDown -->
        <test-method status="PASS" signature="endReport()[pri:0, instance:com.demowebshop.testscripts.HomeTest@57855c9a]" name="endReport" is-config="true" duration-ms="293" started-at="2021-11-24T22:19:42 IST" finished-at="2021-11-24T22:19:42 IST">
          <reporter-output>
          </reporter-output>
        </test-method> <!-- endReport -->
        <test-method status="PASS" signature="sendingEmail()[pri:0, instance:com.demowebshop.testscripts.HomeTest@57855c9a]" name="sendingEmail" is-config="true" duration-ms="5964" started-at="2021-11-24T22:19:42 IST" finished-at="2021-11-24T22:19:48 IST">
          <reporter-output>
          </reporter-output>
        </test-method> <!-- sendingEmail -->
      </class> <!-- com.demowebshop.testscripts.HomeTest -->
    </test> <!-- Functional Test -->
  </suite> <!-- Regression Suite -->
</testng-results>
