<?xml version="1.0" encoding="UTF-8"?>
<testng-results skipped="0" failed="0" ignored="0" total="1" passed="1">
  <reporter-output>
  </reporter-output>
  <suite name="Regression Suite" duration-ms="9122" started-at="2021-11-24T12:12:29 IST" finished-at="2021-11-24T12:12:38 IST">
    <groups>
    </groups>
    <test name="Functional Test" duration-ms="9122" started-at="2021-11-24T12:12:29 IST" finished-at="2021-11-24T12:12:38 IST">
      <class name="com.demowebshop.testscripts.RegisterTest">
        <test-method status="PASS" signature="errorLogging()[pri:0, instance:com.demowebshop.testscripts.RegisterTest@79be0360]" name="errorLogging" is-config="true" duration-ms="300" started-at="2021-11-24T12:12:29 IST" finished-at="2021-11-24T12:12:30 IST">
          <reporter-output>
          </reporter-output>
        </test-method> <!-- errorLogging -->
        <test-method status="PASS" signature="setup(java.lang.String)[pri:0, instance:com.demowebshop.testscripts.RegisterTest@79be0360]" name="setup" is-config="true" duration-ms="6422" started-at="2021-11-24T12:12:30 IST" finished-at="2021-11-24T12:12:36 IST">
          <params>
            <param index="0">
              <value>
                <![CDATA[chrome]]>
              </value>
            </param>
          </params>
          <reporter-output>
          </reporter-output>
        </test-method> <!-- setup -->
        <test-method status="PASS" signature="verifyUserRegistration()[pri:2, instance:com.demowebshop.testscripts.RegisterTest@79be0360]" name="verifyUserRegistration" duration-ms="2239" started-at="2021-11-24T12:12:36 IST" description="verification of Registration Title" finished-at="2021-11-24T12:12:38 IST">
          <reporter-output>
          </reporter-output>
        </test-method> <!-- verifyUserRegistration -->
        <test-method status="PASS" signature="tearDown(org.testng.ITestResult)[pri:0, instance:com.demowebshop.testscripts.RegisterTest@79be0360]" name="tearDown" is-config="true" duration-ms="85" started-at="2021-11-24T12:12:38 IST" finished-at="2021-11-24T12:12:38 IST">
          <params>
            <param index="0">
              <value>
                <![CDATA[[TestResult name=verifyUserRegistration status=SUCCESS method=RegisterTest.verifyUserRegistration()[pri:2, instance:com.demowebshop.testscripts.RegisterTest@79be0360] output={null}]]]>
              </value>
            </param>
          </params>
          <reporter-output>
          </reporter-output>
        </test-method> <!-- tearDown -->
        <test-method status="PASS" signature="sendingEmail()[pri:0, instance:com.demowebshop.testscripts.RegisterTest@79be0360]" name="sendingEmail" is-config="true" duration-ms="76" started-at="2021-11-24T12:12:38 IST" finished-at="2021-11-24T12:12:38 IST">
          <reporter-output>
          </reporter-output>
        </test-method> <!-- sendingEmail -->
      </class> <!-- com.demowebshop.testscripts.RegisterTest -->
    </test> <!-- Functional Test -->
  </suite> <!-- Regression Suite -->
</testng-results>
